This file contains any messages produced by compilers while
running configure, to aid debugging if configure makes a mistake.

It was created by dosbox configure 0.74, which was
generated by GNU Autoconf 2.65.  Invocation command line was

  $ ./configure --enable-core-inline --disable-dynamic-x86 --enable-dynrec --disable-fpu-x86

## --------- ##
## Platform. ##
## --------- ##

hostname = bigiron
uname -m = x86_64
uname -r = 3.2.5-1-ARCH
uname -s = Linux
uname -v = #1 SMP PREEMPT Tue Feb 7 08:34:36 CET 2012

/usr/bin/uname -p = unknown
/bin/uname -X     = unknown

/bin/arch              = x86_64
/usr/bin/arch -k       = unknown
/usr/convex/getsysinfo = unknown
/usr/bin/hostinfo      = unknown
/bin/machine           = unknown
/usr/bin/oslevel       = unknown
/bin/universe          = unknown

PATH: /opt/opencascade/bin
PATH: /home/gene/GNUstep/Tools
PATH: /usr/local/bin
PATH: /usr/bin
PATH: /bin
PATH: /usr/local/sbin
PATH: /usr/sbin
PATH: /sbin
PATH: /opt/android-ndk
PATH: /opt/android-sdk/platform-tools
PATH: /opt/android-sdk/tools
PATH: /usr/bin/vendor_perl
PATH: /usr/bin/core_perl


## ----------- ##
## Core tests. ##
## ----------- ##

configure:2467: checking build system type
configure:2481: result: x86_64-unknown-linux-gnu
configure:2501: checking host system type
configure:2514: result: x86_64-unknown-linux-gnu
configure:2552: checking for a BSD-compatible install
configure:2620: result: /bin/install -c
configure:2631: checking whether build environment is sane
configure:2681: result: yes
configure:2822: checking for a thread-safe mkdir -p
configure:2861: result: /bin/mkdir -p
configure:2874: checking for gawk
configure:2890: found /usr/bin/gawk
configure:2901: result: gawk
configure:2912: checking whether make sets $(MAKE)
configure:2934: result: yes
configure:3017: checking whether make sets $(MAKE)
configure:3039: result: yes
configure:3096: checking for gcc
configure:3112: found /usr/bin/gcc
configure:3123: result: gcc
configure:3352: checking for C compiler version
configure:3361: gcc --version >&5
gcc (GCC) 4.6.2 20120120 (prerelease)
Copyright (C) 2011 Free Software Foundation, Inc.
This is free software; see the source for copying conditions.  There is NO
warranty; not even for MERCHANTABILITY or FITNESS FOR A PARTICULAR PURPOSE.

configure:3372: $? = 0
configure:3361: gcc -v >&5
Using built-in specs.
COLLECT_GCC=gcc
COLLECT_LTO_WRAPPER=/usr/lib/gcc/x86_64-unknown-linux-gnu/4.6.2/lto-wrapper
Target: x86_64-unknown-linux-gnu
Configured with: /build/src/gcc-4.6-20120120/configure --prefix=/usr --libdir=/usr/lib --libexecdir=/usr/lib --mandir=/usr/share/man --infodir=/usr/share/info --with-bugurl=https://bugs.archlinux.org/ --enable-languages=c,c++,ada,fortran,go,lto,objc,obj-c++ --enable-shared --enable-threads=posix --with-system-zlib --enable-__cxa_atexit --disable-libunwind-exceptions --enable-clocale=gnu --disable-libstdcxx-pch --enable-libstdcxx-time --enable-gnu-unique-object --enable-linker-build-id --with-ppl --enable-cloog-backend=isl --enable-lto --enable-gold --enable-ld=default --enable-plugin --with-plugin-ld=ld.gold --enable-multilib --disable-libssp --enable-checking=release --with-fpmath=sse
Thread model: posix
gcc version 4.6.2 20120120 (prerelease) (GCC) 
configure:3372: $? = 0
configure:3361: gcc -V >&5
gcc: error: unrecognized option '-V'
gcc: fatal error: no input files
compilation terminated.
configure:3372: $? = 1
configure:3361: gcc -qversion >&5
gcc: error: unrecognized option '-qversion'
gcc: fatal error: no input files
compilation terminated.
configure:3372: $? = 1
configure:3392: checking whether the C compiler works
configure:3414: gcc    conftest.c  >&5
configure:3418: $? = 0
configure:3467: result: yes
configure:3470: checking for C compiler default output file name
configure:3472: result: a.out
configure:3478: checking for suffix of executables
configure:3485: gcc -o conftest    conftest.c  >&5
configure:3489: $? = 0
configure:3511: result: 
configure:3533: checking whether we are cross compiling
configure:3541: gcc -o conftest    conftest.c  >&5
configure:3545: $? = 0
configure:3552: ./conftest
configure:3556: $? = 0
configure:3571: result: no
configure:3576: checking for suffix of object files
configure:3598: gcc -c   conftest.c >&5
configure:3602: $? = 0
configure:3623: result: o
configure:3627: checking whether we are using the GNU C compiler
configure:3646: gcc -c   conftest.c >&5
configure:3646: $? = 0
configure:3655: result: yes
configure:3664: checking whether gcc accepts -g
configure:3684: gcc -c -g  conftest.c >&5
configure:3684: $? = 0
configure:3725: result: yes
configure:3742: checking for gcc option to accept ISO C89
configure:3806: gcc  -c -g -O2  conftest.c >&5
configure:3806: $? = 0
configure:3819: result: none needed
configure:3850: checking for style of include used by make
configure:3878: result: GNU
configure:3903: checking dependency style of gcc
configure:4013: result: gcc3
configure:4033: checking how to run the C preprocessor
configure:4064: gcc -E  conftest.c
configure:4064: $? = 0
configure:4078: gcc -E  conftest.c
conftest.c:11:28: fatal error: ac_nonexistent.h: No such file or directory
compilation terminated.
configure:4078: $? = 1
configure: failed program was:
| /* confdefs.h */
| #define PACKAGE_NAME "dosbox"
| #define PACKAGE_TARNAME "dosbox"
| #define PACKAGE_VERSION "0.74"
| #define PACKAGE_STRING "dosbox 0.74"
| #define PACKAGE_BUGREPORT ""
| #define PACKAGE_URL ""
| #define PACKAGE "dosbox"
| #define VERSION "0.74"
| /* end confdefs.h.  */
| #include <ac_nonexistent.h>
configure:4103: result: gcc -E
configure:4123: gcc -E  conftest.c
configure:4123: $? = 0
configure:4137: gcc -E  conftest.c
conftest.c:11:28: fatal error: ac_nonexistent.h: No such file or directory
compilation terminated.
configure:4137: $? = 1
configure: failed program was:
| /* confdefs.h */
| #define PACKAGE_NAME "dosbox"
| #define PACKAGE_TARNAME "dosbox"
| #define PACKAGE_VERSION "0.74"
| #define PACKAGE_STRING "dosbox 0.74"
| #define PACKAGE_BUGREPORT ""
| #define PACKAGE_URL ""
| #define PACKAGE "dosbox"
| #define VERSION "0.74"
| /* end confdefs.h.  */
| #include <ac_nonexistent.h>
configure:4223: checking for g++
configure:4239: found /usr/bin/g++
configure:4250: result: g++
configure:4277: checking for C++ compiler version
configure:4286: g++ --version >&5
g++ (GCC) 4.6.2 20120120 (prerelease)
Copyright (C) 2011 Free Software Foundation, Inc.
This is free software; see the source for copying conditions.  There is NO
warranty; not even for MERCHANTABILITY or FITNESS FOR A PARTICULAR PURPOSE.

configure:4297: $? = 0
configure:4286: g++ -v >&5
Using built-in specs.
COLLECT_GCC=g++
COLLECT_LTO_WRAPPER=/usr/lib/gcc/x86_64-unknown-linux-gnu/4.6.2/lto-wrapper
Target: x86_64-unknown-linux-gnu
Configured with: /build/src/gcc-4.6-20120120/configure --prefix=/usr --libdir=/usr/lib --libexecdir=/usr/lib --mandir=/usr/share/man --infodir=/usr/share/info --with-bugurl=https://bugs.archlinux.org/ --enable-languages=c,c++,ada,fortran,go,lto,objc,obj-c++ --enable-shared --enable-threads=posix --with-system-zlib --enable-__cxa_atexit --disable-libunwind-exceptions --enable-clocale=gnu --disable-libstdcxx-pch --enable-libstdcxx-time --enable-gnu-unique-object --enable-linker-build-id --with-ppl --enable-cloog-backend=isl --enable-lto --enable-gold --enable-ld=default --enable-plugin --with-plugin-ld=ld.gold --enable-multilib --disable-libssp --enable-checking=release --with-fpmath=sse
Thread model: posix
gcc version 4.6.2 20120120 (prerelease) (GCC) 
configure:4297: $? = 0
configure:4286: g++ -V >&5
g++: error: unrecognized option '-V'
g++: fatal error: no input files
compilation terminated.
configure:4297: $? = 1
configure:4286: g++ -qversion >&5
g++: error: unrecognized option '-qversion'
g++: fatal error: no input files
compilation terminated.
configure:4297: $? = 1
configure:4301: checking whether we are using the GNU C++ compiler
configure:4320: g++ -c   conftest.cpp >&5
configure:4320: $? = 0
configure:4329: result: yes
configure:4338: checking whether g++ accepts -g
configure:4358: g++ -c -g  conftest.cpp >&5
configure:4358: $? = 0
configure:4399: result: yes
configure:4424: checking dependency style of g++
configure:4534: result: gcc3
configure:4593: checking for ranlib
configure:4609: found /usr/bin/ranlib
configure:4620: result: ranlib
configure:4690: checking for sdl-config
configure:4708: found /usr/bin/sdl-config
configure:4721: result: /usr/bin/sdl-config
configure:4730: checking for SDL - version >= 1.2.0
configure:4815: gcc -o conftest -g -O2 -I/usr/include/SDL -D_GNU_SOURCE=1 -D_REENTRANT   conftest.c  -L/usr/lib -lSDL -lpthread >&5
configure:4815: $? = 0
configure:4815: ./conftest
configure:4815: $? = 0
configure:4829: result: yes
configure:4895: checking SDL version only being 1.2.X
configure:4909: gcc -c -g -O2  -I/usr/include/SDL -D_GNU_SOURCE=1 -D_REENTRANT conftest.c >&5
configure:4909: $? = 0
configure:4910: result: yes
configure:4921: checking for an ANSI C-conforming const
configure:4986: gcc -c -g -O2  -I/usr/include/SDL -D_GNU_SOURCE=1 -D_REENTRANT conftest.c >&5
configure:4986: $? = 0
configure:4993: result: yes
configure:5001: checking for inline
configure:5017: gcc -c -g -O2  -I/usr/include/SDL -D_GNU_SOURCE=1 -D_REENTRANT conftest.c >&5
configure:5017: $? = 0
configure:5025: result: inline
configure:5044: checking for grep that handles long lines and -e
configure:5102: result: /usr/bin/grep
configure:5107: checking for egrep
configure:5169: result: /usr/bin/grep -E
configure:5174: checking for ANSI C header files
configure:5194: gcc -c -g -O2  -I/usr/include/SDL -D_GNU_SOURCE=1 -D_REENTRANT conftest.c >&5
configure:5194: $? = 0
configure:5267: gcc -o conftest -g -O2  -I/usr/include/SDL -D_GNU_SOURCE=1 -D_REENTRANT  conftest.c  -L/usr/lib -lSDL -lpthread >&5
configure:5267: $? = 0
configure:5267: ./conftest
configure:5267: $? = 0
configure:5278: result: yes
configure:5291: checking for sys/types.h
configure:5291: gcc -c -g -O2  -I/usr/include/SDL -D_GNU_SOURCE=1 -D_REENTRANT conftest.c >&5
configure:5291: $? = 0
configure:5291: result: yes
configure:5291: checking for sys/stat.h
configure:5291: gcc -c -g -O2  -I/usr/include/SDL -D_GNU_SOURCE=1 -D_REENTRANT conftest.c >&5
configure:5291: $? = 0
configure:5291: result: yes
configure:5291: checking for stdlib.h
configure:5291: gcc -c -g -O2  -I/usr/include/SDL -D_GNU_SOURCE=1 -D_REENTRANT conftest.c >&5
configure:5291: $? = 0
configure:5291: result: yes
configure:5291: checking for string.h
configure:5291: gcc -c -g -O2  -I/usr/include/SDL -D_GNU_SOURCE=1 -D_REENTRANT conftest.c >&5
configure:5291: $? = 0
configure:5291: result: yes
configure:5291: checking for memory.h
configure:5291: gcc -c -g -O2  -I/usr/include/SDL -D_GNU_SOURCE=1 -D_REENTRANT conftest.c >&5
configure:5291: $? = 0
configure:5291: result: yes
configure:5291: checking for strings.h
configure:5291: gcc -c -g -O2  -I/usr/include/SDL -D_GNU_SOURCE=1 -D_REENTRANT conftest.c >&5
configure:5291: $? = 0
configure:5291: result: yes
configure:5291: checking for inttypes.h
configure:5291: gcc -c -g -O2  -I/usr/include/SDL -D_GNU_SOURCE=1 -D_REENTRANT conftest.c >&5
configure:5291: $? = 0
configure:5291: result: yes
configure:5291: checking for stdint.h
configure:5291: gcc -c -g -O2  -I/usr/include/SDL -D_GNU_SOURCE=1 -D_REENTRANT conftest.c >&5
configure:5291: $? = 0
configure:5291: result: yes
configure:5291: checking for unistd.h
configure:5291: gcc -c -g -O2  -I/usr/include/SDL -D_GNU_SOURCE=1 -D_REENTRANT conftest.c >&5
configure:5291: $? = 0
configure:5291: result: yes
configure:5304: checking for size_t
configure:5304: gcc -c -g -O2  -I/usr/include/SDL -D_GNU_SOURCE=1 -D_REENTRANT conftest.c >&5
configure:5304: $? = 0
configure:5304: gcc -c -g -O2  -I/usr/include/SDL -D_GNU_SOURCE=1 -D_REENTRANT conftest.c >&5
conftest.c: In function 'main':
conftest.c:57:21: error: expected expression before ')' token
configure:5304: $? = 1
configure: failed program was:
| /* confdefs.h */
| #define PACKAGE_NAME "dosbox"
| #define PACKAGE_TARNAME "dosbox"
| #define PACKAGE_VERSION "0.74"
| #define PACKAGE_STRING "dosbox 0.74"
| #define PACKAGE_BUGREPORT ""
| #define PACKAGE_URL ""
| #define PACKAGE "dosbox"
| #define VERSION "0.74"
| #define STDC_HEADERS 1
| #define HAVE_SYS_TYPES_H 1
| #define HAVE_SYS_STAT_H 1
| #define HAVE_STDLIB_H 1
| #define HAVE_STRING_H 1
| #define HAVE_MEMORY_H 1
| #define HAVE_STRINGS_H 1
| #define HAVE_INTTYPES_H 1
| #define HAVE_STDINT_H 1
| #define HAVE_UNISTD_H 1
| /* end confdefs.h.  */
| #include <stdio.h>
| #ifdef HAVE_SYS_TYPES_H
| # include <sys/types.h>
| #endif
| #ifdef HAVE_SYS_STAT_H
| # include <sys/stat.h>
| #endif
| #ifdef STDC_HEADERS
| # include <stdlib.h>
| # include <stddef.h>
| #else
| # ifdef HAVE_STDLIB_H
| #  include <stdlib.h>
| # endif
| #endif
| #ifdef HAVE_STRING_H
| # if !defined STDC_HEADERS && defined HAVE_MEMORY_H
| #  include <memory.h>
| # endif
| # include <string.h>
| #endif
| #ifdef HAVE_STRINGS_H
| # include <strings.h>
| #endif
| #ifdef HAVE_INTTYPES_H
| # include <inttypes.h>
| #endif
| #ifdef HAVE_STDINT_H
| # include <stdint.h>
| #endif
| #ifdef HAVE_UNISTD_H
| # include <unistd.h>
| #endif
| int
| main ()
| {
| if (sizeof ((size_t)))
| 	    return 0;
|   ;
|   return 0;
| }
configure:5304: result: yes
configure:5315: checking whether struct tm is in sys/time.h or time.h
configure:5335: gcc -c -g -O2  -I/usr/include/SDL -D_GNU_SOURCE=1 -D_REENTRANT conftest.c >&5
configure:5335: $? = 0
configure:5342: result: time.h
configure:5354: checking size of unsigned char
configure:5359: gcc -o conftest -g -O2  -I/usr/include/SDL -D_GNU_SOURCE=1 -D_REENTRANT  conftest.c  -L/usr/lib -lSDL -lpthread >&5
configure:5359: $? = 0
configure:5359: ./conftest
configure:5359: $? = 0
configure:5374: result: 1
configure:5388: checking size of unsigned short
configure:5393: gcc -o conftest -g -O2  -I/usr/include/SDL -D_GNU_SOURCE=1 -D_REENTRANT  conftest.c  -L/usr/lib -lSDL -lpthread >&5
configure:5393: $? = 0
configure:5393: ./conftest
configure:5393: $? = 0
configure:5408: result: 2
configure:5422: checking size of unsigned int
configure:5427: gcc -o conftest -g -O2  -I/usr/include/SDL -D_GNU_SOURCE=1 -D_REENTRANT  conftest.c  -L/usr/lib -lSDL -lpthread >&5
configure:5427: $? = 0
configure:5427: ./conftest
configure:5427: $? = 0
configure:5442: result: 4
configure:5456: checking size of unsigned long
configure:5461: gcc -o conftest -g -O2  -I/usr/include/SDL -D_GNU_SOURCE=1 -D_REENTRANT  conftest.c  -L/usr/lib -lSDL -lpthread >&5
configure:5461: $? = 0
configure:5461: ./conftest
configure:5461: $? = 0
configure:5476: result: 8
configure:5490: checking size of unsigned long long
configure:5495: gcc -o conftest -g -O2  -I/usr/include/SDL -D_GNU_SOURCE=1 -D_REENTRANT  conftest.c  -L/usr/lib -lSDL -lpthread >&5
configure:5495: $? = 0
configure:5495: ./conftest
configure:5495: $? = 0
configure:5510: result: 8
configure:5524: checking size of int *
configure:5529: gcc -o conftest -g -O2  -I/usr/include/SDL -D_GNU_SOURCE=1 -D_REENTRANT  conftest.c  -L/usr/lib -lSDL -lpthread >&5
configure:5529: $? = 0
configure:5529: ./conftest
configure:5529: $? = 0
configure:5544: result: 8
configure:5558: checking for stdlib.h
configure:5558: result: yes
configure:5558: checking for sys/types.h
configure:5558: result: yes
configure:5572: checking for sys/socket.h
configure:5572: gcc -c -g -O2  -I/usr/include/SDL -D_GNU_SOURCE=1 -D_REENTRANT conftest.c >&5
configure:5572: $? = 0
configure:5572: result: yes
configure:5572: checking for netinet/in.h
configure:5572: gcc -c -g -O2  -I/usr/include/SDL -D_GNU_SOURCE=1 -D_REENTRANT conftest.c >&5
configure:5572: $? = 0
configure:5572: result: yes
configure:5572: checking for pwd.h
configure:5572: gcc -c -g -O2  -I/usr/include/SDL -D_GNU_SOURCE=1 -D_REENTRANT conftest.c >&5
configure:5572: $? = 0
configure:5572: result: yes
configure:5617: gcc -c -g -O2  -I/usr/include/SDL -D_GNU_SOURCE=1 -D_REENTRANT conftest.c >&5
configure:5617: $? = 0
configure:5626: checking if environ can be included
configure:5641: gcc -o conftest -g -O2  -I/usr/include/SDL -D_GNU_SOURCE=1 -D_REENTRANT  conftest.c  -L/usr/lib -lSDL -lpthread >&5
configure:5641: $? = 0
configure:5642: result: yes
configure:5653: checking if environ can be linked
configure:5666: gcc -o conftest -g -O2  -I/usr/include/SDL -D_GNU_SOURCE=1 -D_REENTRANT  conftest.c  -L/usr/lib -lSDL -lpthread >&5
configure:5666: $? = 0
configure:5667: result: yes
configure:5678: checking if dirent includes d_type
configure:5690: gcc -c -g -O2  -I/usr/include/SDL -D_GNU_SOURCE=1 -D_REENTRANT conftest.c >&5
configure:5690: $? = 0
configure:5691: result: yes
configure:5702: checking for powf in libm
configure:5719: gcc -o conftest -g -O2  -I/usr/include/SDL -D_GNU_SOURCE=1 -D_REENTRANT  conftest.c  -L/usr/lib -lSDL -lpthread -lm >&5
configure:5719: $? = 0
configure:5720: result: yes
configure:5735: checking if compiler allows __attribute__
configure:5749: gcc -c -g -O2  -I/usr/include/SDL -D_GNU_SOURCE=1 -D_REENTRANT conftest.c >&5
configure:5749: $? = 0
configure:5750: result: yes
configure:5765: checking if compiler allows __attribute__((always_inline)) 
configure:5772: gcc -c -Werror  -I/usr/include/SDL -D_GNU_SOURCE=1 -D_REENTRANT conftest.c >&5
configure:5772: $? = 0
configure:5773: result: yes
configure:5783: checking if compiler allows __attribute__((fastcall)) 
configure:5790: gcc -c -Werror  -I/usr/include/SDL -D_GNU_SOURCE=1 -D_REENTRANT conftest.c >&5
conftest.c:37:2: error: 'fastcall' attribute ignored [-Werror=attributes]
cc1: all warnings being treated as errors

configure:5790: $? = 1
configure: failed program was:
| /* confdefs.h */
| #define PACKAGE_NAME "dosbox"
| #define PACKAGE_TARNAME "dosbox"
| #define PACKAGE_VERSION "0.74"
| #define PACKAGE_STRING "dosbox 0.74"
| #define PACKAGE_BUGREPORT ""
| #define PACKAGE_URL ""
| #define PACKAGE "dosbox"
| #define VERSION "0.74"
| #define STDC_HEADERS 1
| #define HAVE_SYS_TYPES_H 1
| #define HAVE_SYS_STAT_H 1
| #define HAVE_STDLIB_H 1
| #define HAVE_STRING_H 1
| #define HAVE_MEMORY_H 1
| #define HAVE_STRINGS_H 1
| #define HAVE_INTTYPES_H 1
| #define HAVE_STDINT_H 1
| #define HAVE_UNISTD_H 1
| #define SIZEOF_UNSIGNED_CHAR 1
| #define SIZEOF_UNSIGNED_SHORT 2
| #define SIZEOF_UNSIGNED_INT 4
| #define SIZEOF_UNSIGNED_LONG 8
| #define SIZEOF_UNSIGNED_LONG_LONG 8
| #define SIZEOF_INT_P 8
| #define HAVE_STDLIB_H 1
| #define HAVE_SYS_TYPES_H 1
| #define HAVE_SYS_SOCKET_H 1
| #define HAVE_NETINET_IN_H 1
| #define HAVE_PWD_H 1
| #define ENVIRON_INCLUDED 1
| #define ENVIRON_LINKED 1
| #define DIRENT_HAS_D_TYPE 1
| #define C_HAS_ATTRIBUTE 1
| #define C_ATTRIBUTE_ALWAYS_INLINE 1
| /* end confdefs.h.  */
|  void __attribute__((fastcall)) test(){}
| 
configure:5795: result: no
configure:5813: checking if compiler allows __builtin_expect
configure:5829: g++ -c -g -O2  -I/usr/include/SDL -D_GNU_SOURCE=1 -D_REENTRANT conftest.cpp >&5
configure:5829: $? = 0
configure:5830: result: yes
configure:5888: checking for ALSA CFLAGS
configure:5894: result: 
configure:5897: checking for ALSA LDFLAGS
configure:5910: result:  -lasound -lm -ldl -lpthread
configure:5914: checking for libasound headers version >= 0.9.0
configure:5976: gcc -c -g -O2  -I/usr/include/SDL -D_GNU_SOURCE=1 -D_REENTRANT conftest.c >&5
configure:5976: $? = 0
configure:5977: result: found.
configure:5994: checking for snd_ctl_open in -lasound
configure:6019: gcc -o conftest -g -O2  -I/usr/include/SDL -D_GNU_SOURCE=1 -D_REENTRANT  conftest.c -lasound   -lasound -lm -ldl -lpthread -L/usr/lib -lSDL >&5
configure:6019: $? = 0
configure:6028: result: yes
configure:6068: checking whether byte ordering is bigendian
configure:6083: gcc -c -g -O2  -I/usr/include/SDL -D_GNU_SOURCE=1 -D_REENTRANT conftest.c >&5
conftest.c:41:9: error: unknown type name 'not'
conftest.c:41:15: error: expected '=', ',', ';', 'asm' or '__attribute__' before 'universal'
conftest.c:41:15: error: unknown type name 'universal'
configure:6083: $? = 1
configure: failed program was:
| /* confdefs.h */
| #define PACKAGE_NAME "dosbox"
| #define PACKAGE_TARNAME "dosbox"
| #define PACKAGE_VERSION "0.74"
| #define PACKAGE_STRING "dosbox 0.74"
| #define PACKAGE_BUGREPORT ""
| #define PACKAGE_URL ""
| #define PACKAGE "dosbox"
| #define VERSION "0.74"
| #define STDC_HEADERS 1
| #define HAVE_SYS_TYPES_H 1
| #define HAVE_SYS_STAT_H 1
| #define HAVE_STDLIB_H 1
| #define HAVE_STRING_H 1
| #define HAVE_MEMORY_H 1
| #define HAVE_STRINGS_H 1
| #define HAVE_INTTYPES_H 1
| #define HAVE_STDINT_H 1
| #define HAVE_UNISTD_H 1
| #define SIZEOF_UNSIGNED_CHAR 1
| #define SIZEOF_UNSIGNED_SHORT 2
| #define SIZEOF_UNSIGNED_INT 4
| #define SIZEOF_UNSIGNED_LONG 8
| #define SIZEOF_UNSIGNED_LONG_LONG 8
| #define SIZEOF_INT_P 8
| #define HAVE_STDLIB_H 1
| #define HAVE_SYS_TYPES_H 1
| #define HAVE_SYS_SOCKET_H 1
| #define HAVE_NETINET_IN_H 1
| #define HAVE_PWD_H 1
| #define ENVIRON_INCLUDED 1
| #define ENVIRON_LINKED 1
| #define DIRENT_HAS_D_TYPE 1
| #define C_HAS_ATTRIBUTE 1
| #define C_ATTRIBUTE_ALWAYS_INLINE 1
| #define C_HAS_BUILTIN_EXPECT 1
| #define HAVE_LIBASOUND 1
| #define HAVE_ALSA 1
| /* end confdefs.h.  */
| #ifndef __APPLE_CC__
| 	       not a universal capable compiler
| 	     #endif
| 	     typedef int dummy;
| 
configure:6128: gcc -c -g -O2  -I/usr/include/SDL -D_GNU_SOURCE=1 -D_REENTRANT conftest.c >&5
configure:6128: $? = 0
configure:6146: gcc -c -g -O2  -I/usr/include/SDL -D_GNU_SOURCE=1 -D_REENTRANT conftest.c >&5
conftest.c: In function 'main':
conftest.c:47:4: error: unknown type name 'not'
conftest.c:47:12: error: expected '=', ',', ';', 'asm' or '__attribute__' before 'endian'
configure:6146: $? = 1
configure: failed program was:
| /* confdefs.h */
| #define PACKAGE_NAME "dosbox"
| #define PACKAGE_TARNAME "dosbox"
| #define PACKAGE_VERSION "0.74"
| #define PACKAGE_STRING "dosbox 0.74"
| #define PACKAGE_BUGREPORT ""
| #define PACKAGE_URL ""
| #define PACKAGE "dosbox"
| #define VERSION "0.74"
| #define STDC_HEADERS 1
| #define HAVE_SYS_TYPES_H 1
| #define HAVE_SYS_STAT_H 1
| #define HAVE_STDLIB_H 1
| #define HAVE_STRING_H 1
| #define HAVE_MEMORY_H 1
| #define HAVE_STRINGS_H 1
| #define HAVE_INTTYPES_H 1
| #define HAVE_STDINT_H 1
| #define HAVE_UNISTD_H 1
| #define SIZEOF_UNSIGNED_CHAR 1
| #define SIZEOF_UNSIGNED_SHORT 2
| #define SIZEOF_UNSIGNED_INT 4
| #define SIZEOF_UNSIGNED_LONG 8
| #define SIZEOF_UNSIGNED_LONG_LONG 8
| #define SIZEOF_INT_P 8
| #define HAVE_STDLIB_H 1
| #define HAVE_SYS_TYPES_H 1
| #define HAVE_SYS_SOCKET_H 1
| #define HAVE_NETINET_IN_H 1
| #define HAVE_PWD_H 1
| #define ENVIRON_INCLUDED 1
| #define ENVIRON_LINKED 1
| #define DIRENT_HAS_D_TYPE 1
| #define C_HAS_ATTRIBUTE 1
| #define C_ATTRIBUTE_ALWAYS_INLINE 1
| #define C_HAS_BUILTIN_EXPECT 1
| #define HAVE_LIBASOUND 1
| #define HAVE_ALSA 1
| /* end confdefs.h.  */
| #include <sys/types.h>
| 		#include <sys/param.h>
| 
| int
| main ()
| {
| #if BYTE_ORDER != BIG_ENDIAN
| 		 not big endian
| 		#endif
| 
|   ;
|   return 0;
| }
configure:6274: result: no
configure:6465: result: enabling inlined memory handling in CPU Core
configure:6476: checking for target cpu type
configure:6482: result: x86-64 bit compatible
configure:6536: checking whether x86 dynamic cpu core will be enabled
configure:6539: result: no
configure:6561: checking whether recompiling cpu core will be enabled
configure:6581: result: yes
configure:6598: checking whether fpu emulation will be enabled
configure:6601: result: yes
configure:6618: checking whether x86 assembly fpu core will be enabled
configure:6621: result: no
configure:6648: checking whether to enable unaligned memory access
configure:6653: result: yes
configure:6661: checking png.h usability
configure:6661: gcc -c -g -O2  -I/usr/include/SDL -D_GNU_SOURCE=1 -D_REENTRANT conftest.c >&5
configure:6661: $? = 0
configure:6661: result: yes
configure:6661: checking png.h presence
configure:6661: gcc -E  -I/usr/include/SDL -D_GNU_SOURCE=1 -D_REENTRANT conftest.c
configure:6661: $? = 0
configure:6661: result: yes
configure:6661: checking for png.h
configure:6661: result: yes
configure:6667: checking for png_get_io_ptr in -lpng
configure:6692: gcc -o conftest -g -O2  -I/usr/include/SDL -D_GNU_SOURCE=1 -D_REENTRANT  conftest.c -lpng -lz -lasound -lm -ldl -lpthread -L/usr/lib -lSDL >&5
configure:6692: $? = 0
configure:6701: result: yes
configure:6718: checking SDL_net.h usability
configure:6718: gcc -c -g -O2  -I/usr/include/SDL -D_GNU_SOURCE=1 -D_REENTRANT conftest.c >&5
configure:6718: $? = 0
configure:6718: result: yes
configure:6718: checking SDL_net.h presence
configure:6718: gcc -E  -I/usr/include/SDL -D_GNU_SOURCE=1 -D_REENTRANT conftest.c
configure:6718: $? = 0
configure:6718: result: yes
configure:6718: checking for SDL_net.h
configure:6718: result: yes
configure:6754: checking for SDLNet_Init in -lSDL_net
configure:6779: gcc -o conftest -g -O2  -I/usr/include/SDL -D_GNU_SOURCE=1 -D_REENTRANT  conftest.c -lSDL_net  -lasound -lm -ldl -lpthread -L/usr/lib -lSDL -lpng -lz >&5
configure:6779: $? = 0
configure:6788: result: yes
configure:6807: checking for main in -lX11
configure:6826: gcc -o conftest -g -O2  -I/usr/include/SDL -D_GNU_SOURCE=1 -D_REENTRANT  conftest.c -lX11  -lasound -lm -ldl -lpthread -L/usr/lib -lSDL -lpng -lz -lSDL_net >&5
configure:6826: $? = 0
configure:6835: result: yes
configure:6843: checking X11/XKBlib.h usability
configure:6843: gcc -c -g -O2  -I/usr/include/SDL -D_GNU_SOURCE=1 -D_REENTRANT conftest.c >&5
configure:6843: $? = 0
configure:6843: result: yes
configure:6843: checking X11/XKBlib.h presence
configure:6843: gcc -E  -I/usr/include/SDL -D_GNU_SOURCE=1 -D_REENTRANT conftest.c
configure:6843: $? = 0
configure:6843: result: yes
configure:6843: checking for X11/XKBlib.h
configure:6843: result: yes
configure:6851: checking for XKBlib support
configure:6857: result: yes
configure:6865: checking for main in -lGL
configure:6884: gcc -o conftest -g -O2  -I/usr/include/SDL -D_GNU_SOURCE=1 -D_REENTRANT  conftest.c -lGL  -lasound -lm -ldl -lpthread -L/usr/lib -lSDL -lpng -lz -lSDL_net -lX11 >&5
configure:6884: $? = 0
configure:6893: result: yes
configure:6901: checking for main in -lopengl32
configure:6920: gcc -o conftest -g -O2  -I/usr/include/SDL -D_GNU_SOURCE=1 -D_REENTRANT  conftest.c -lopengl32  -lasound -lm -ldl -lpthread -L/usr/lib -lSDL -lpng -lz -lSDL_net -lX11 >&5
/usr/bin/ld: cannot find -lopengl32
collect2: ld returned 1 exit status
configure:6920: $? = 1
configure: failed program was:
| /* confdefs.h */
| #define PACKAGE_NAME "dosbox"
| #define PACKAGE_TARNAME "dosbox"
| #define PACKAGE_VERSION "0.74"
| #define PACKAGE_STRING "dosbox 0.74"
| #define PACKAGE_BUGREPORT ""
| #define PACKAGE_URL ""
| #define PACKAGE "dosbox"
| #define VERSION "0.74"
| #define STDC_HEADERS 1
| #define HAVE_SYS_TYPES_H 1
| #define HAVE_SYS_STAT_H 1
| #define HAVE_STDLIB_H 1
| #define HAVE_STRING_H 1
| #define HAVE_MEMORY_H 1
| #define HAVE_STRINGS_H 1
| #define HAVE_INTTYPES_H 1
| #define HAVE_STDINT_H 1
| #define HAVE_UNISTD_H 1
| #define SIZEOF_UNSIGNED_CHAR 1
| #define SIZEOF_UNSIGNED_SHORT 2
| #define SIZEOF_UNSIGNED_INT 4
| #define SIZEOF_UNSIGNED_LONG 8
| #define SIZEOF_UNSIGNED_LONG_LONG 8
| #define SIZEOF_INT_P 8
| #define HAVE_STDLIB_H 1
| #define HAVE_SYS_TYPES_H 1
| #define HAVE_SYS_SOCKET_H 1
| #define HAVE_NETINET_IN_H 1
| #define HAVE_PWD_H 1
| #define ENVIRON_INCLUDED 1
| #define ENVIRON_LINKED 1
| #define DIRENT_HAS_D_TYPE 1
| #define C_HAS_ATTRIBUTE 1
| #define C_ATTRIBUTE_ALWAYS_INLINE 1
| #define C_HAS_BUILTIN_EXPECT 1
| #define HAVE_LIBASOUND 1
| #define HAVE_ALSA 1
| #define C_CORE_INLINE 1
| #define C_TARGETCPU X86_64
| #define C_DYNREC 1
| #define C_FPU 1
| #define C_UNALIGNED_MEMORY 1
| #define C_SSHOT 1
| #define C_MODEM 1
| #define C_IPX 1
| #define C_X11_XKB 1
| /* end confdefs.h.  */
| 
| 
| int
| main ()
| {
| return main ();
|   ;
|   return 0;
| }
configure:6929: result: no
configure:6937: checking GL/gl.h usability
configure:6937: gcc -c -g -O2  -I/usr/include/SDL -D_GNU_SOURCE=1 -D_REENTRANT conftest.c >&5
configure:6937: $? = 0
configure:6937: result: yes
configure:6937: checking GL/gl.h presence
configure:6937: gcc -E  -I/usr/include/SDL -D_GNU_SOURCE=1 -D_REENTRANT conftest.c
configure:6937: $? = 0
configure:6937: result: yes
configure:6937: checking for GL/gl.h
configure:6937: result: yes
configure:6952: checking whether opengl display output will be enabled
configure:6965: result: yes
configure:6985: checking SDL_sound.h usability
configure:6985: gcc -c -g -O2  -I/usr/include/SDL -D_GNU_SOURCE=1 -D_REENTRANT conftest.c >&5
configure:6985: $? = 0
configure:6985: result: yes
configure:6985: checking SDL_sound.h presence
configure:6985: gcc -E  -I/usr/include/SDL -D_GNU_SOURCE=1 -D_REENTRANT conftest.c
configure:6985: $? = 0
configure:6985: result: yes
configure:6985: checking for SDL_sound.h
configure:6985: result: yes
configure:6991: checking for Sound_Init in -lSDL_sound
configure:7016: gcc -o conftest -g -O2  -I/usr/include/SDL -D_GNU_SOURCE=1 -D_REENTRANT  conftest.c -lSDL_sound  -lasound -lm -ldl -lpthread -L/usr/lib -lSDL -lpng -lz -lSDL_net -lX11 -lGL >&5
configure:7016: $? = 0
configure:7025: result: yes
configure:7031: checking for Sound_Seek in -lSDL_sound
configure:7056: gcc -o conftest -g -O2  -I/usr/include/SDL -D_GNU_SOURCE=1 -D_REENTRANT  conftest.c -lSDL_sound  -lasound -lm -ldl -lpthread -L/usr/lib -lSDL -lpng -lz -lSDL_net -lX11 -lGL >&5
configure:7056: $? = 0
configure:7065: result: yes
configure:7086: checking sys/mman.h usability
configure:7086: gcc -c -g -O2  -I/usr/include/SDL -D_GNU_SOURCE=1 -D_REENTRANT conftest.c >&5
configure:7086: $? = 0
configure:7086: result: yes
configure:7086: checking sys/mman.h presence
configure:7086: gcc -E  -I/usr/include/SDL -D_GNU_SOURCE=1 -D_REENTRANT conftest.c
configure:7086: $? = 0
configure:7086: result: yes
configure:7086: checking for sys/mman.h
configure:7086: result: yes
configure:7089: checking for mprotect
configure:7089: gcc -o conftest -g -O2  -I/usr/include/SDL -D_GNU_SOURCE=1 -D_REENTRANT  conftest.c -lSDL_sound -lasound -lm -ldl -lpthread -L/usr/lib -lSDL -lpng -lz -lSDL_net -lX11 -lGL >&5
configure:7089: $? = 0
configure:7089: result: yes
configure:7101: checking for setpriority support
configure:7112: gcc -o conftest -g -O2  -I/usr/include/SDL -D_GNU_SOURCE=1 -D_REENTRANT  conftest.c -lSDL_sound -lasound -lm -ldl -lpthread -L/usr/lib -lSDL -lpng -lz -lSDL_net -lX11 -lGL >&5
configure:7112: $? = 0
configure:7113: result: yes
configure:7420: creating ./config.status

## ---------------------- ##
## Running config.status. ##
## ---------------------- ##

This file was extended by dosbox config.status 0.74, which was
generated by GNU Autoconf 2.65.  Invocation command line was

  CONFIG_FILES    = 
  CONFIG_HEADERS  = 
  CONFIG_LINKS    = 
  CONFIG_COMMANDS = 
  $ ./config.status 

on bigiron

config.status:930: creating Makefile
config.status:930: creating src/Makefile
config.status:930: creating src/cpu/Makefile
config.status:930: creating src/cpu/core_full/Makefile
config.status:930: creating src/cpu/core_normal/Makefile
config.status:930: creating src/cpu/core_dyn_x86/Makefile
config.status:930: creating src/cpu/core_dynrec/Makefile
config.status:930: creating src/debug/Makefile
config.status:930: creating src/dos/Makefile
config.status:930: creating src/fpu/Makefile
config.status:930: creating src/gui/Makefile
config.status:930: creating src/hardware/Makefile
config.status:930: creating src/hardware/serialport/Makefile
config.status:930: creating src/ints/Makefile
config.status:930: creating src/libs/Makefile
config.status:930: creating src/libs/zmbv/Makefile
config.status:930: creating src/libs/gui_tk/Makefile
config.status:930: creating src/misc/Makefile
config.status:930: creating src/shell/Makefile
config.status:930: creating src/platform/Makefile
config.status:930: creating src/platform/visualc/Makefile
config.status:930: creating visualc_net/Makefile
config.status:930: creating include/Makefile
config.status:930: creating docs/Makefile
config.status:930: creating config.h
config.status:1150: executing depfiles commands

## ---------------- ##
## Cache variables. ##
## ---------------- ##

ac_cv_build=x86_64-unknown-linux-gnu
ac_cv_c_bigendian=no
ac_cv_c_compiler_gnu=yes
ac_cv_c_const=yes
ac_cv_c_inline=inline
ac_cv_cxx_compiler_gnu=yes
ac_cv_env_CCC_set=
ac_cv_env_CCC_value=
ac_cv_env_CC_set=
ac_cv_env_CC_value=
ac_cv_env_CFLAGS_set=
ac_cv_env_CFLAGS_value=
ac_cv_env_CPPFLAGS_set=
ac_cv_env_CPPFLAGS_value=
ac_cv_env_CPP_set=
ac_cv_env_CPP_value=
ac_cv_env_CXXFLAGS_set=
ac_cv_env_CXXFLAGS_value=
ac_cv_env_CXX_set=
ac_cv_env_CXX_value=
ac_cv_env_LDFLAGS_set=
ac_cv_env_LDFLAGS_value=
ac_cv_env_LIBS_set=
ac_cv_env_LIBS_value=
ac_cv_env_build_alias_set=
ac_cv_env_build_alias_value=
ac_cv_env_host_alias_set=
ac_cv_env_host_alias_value=
ac_cv_env_target_alias_set=
ac_cv_env_target_alias_value=
ac_cv_func_mprotect=yes
ac_cv_header_GL_gl_h=yes
ac_cv_header_SDL_net_h=yes
ac_cv_header_SDL_sound_h=yes
ac_cv_header_X11_XKBlib_h=yes
ac_cv_header_inttypes_h=yes
ac_cv_header_memory_h=yes
ac_cv_header_netinet_in_h=yes
ac_cv_header_png_h=yes
ac_cv_header_pwd_h=yes
ac_cv_header_stdc=yes
ac_cv_header_stdint_h=yes
ac_cv_header_stdlib_h=yes
ac_cv_header_string_h=yes
ac_cv_header_strings_h=yes
ac_cv_header_sys_mman_h=yes
ac_cv_header_sys_socket_h=yes
ac_cv_header_sys_stat_h=yes
ac_cv_header_sys_types_h=yes
ac_cv_header_unistd_h=yes
ac_cv_host=x86_64-unknown-linux-gnu
ac_cv_lib_GL_main=yes
ac_cv_lib_SDL_net_SDLNet_Init=yes
ac_cv_lib_SDL_sound_Sound_Init=yes
ac_cv_lib_SDL_sound_Sound_Seek=yes
ac_cv_lib_X11_main=yes
ac_cv_lib_asound_snd_ctl_open=yes
ac_cv_lib_opengl32_main=no
ac_cv_lib_png_png_get_io_ptr=yes
ac_cv_objext=o
ac_cv_path_EGREP='/usr/bin/grep -E'
ac_cv_path_GREP=/usr/bin/grep
ac_cv_path_SDL_CONFIG=/usr/bin/sdl-config
ac_cv_path_install='/bin/install -c'
ac_cv_path_mkdir=/bin/mkdir
ac_cv_prog_AWK=gawk
ac_cv_prog_CPP='gcc -E'
ac_cv_prog_ac_ct_CC=gcc
ac_cv_prog_ac_ct_CXX=g++
ac_cv_prog_ac_ct_RANLIB=ranlib
ac_cv_prog_cc_c89=
ac_cv_prog_cc_g=yes
ac_cv_prog_cxx_g=yes
ac_cv_prog_make_make_set=yes
ac_cv_sizeof_int_p=8
ac_cv_sizeof_unsigned_char=1
ac_cv_sizeof_unsigned_int=4
ac_cv_sizeof_unsigned_long=8
ac_cv_sizeof_unsigned_long_long=8
ac_cv_sizeof_unsigned_short=2
ac_cv_struct_tm=time.h
ac_cv_type_size_t=yes
am_cv_CC_dependencies_compiler_type=gcc3
am_cv_CXX_dependencies_compiler_type=gcc3

## ----------------- ##
## Output variables. ##
## ----------------- ##

ACLOCAL='${SHELL} /home/gene/workspace/DosBox/jni/dosbox/missing --run aclocal-1.11'
ALSA_CFLAGS=''
ALSA_LIBS=' -lasound -lm -ldl -lpthread'
AMDEPBACKSLASH='\'
AMDEP_FALSE='#'
AMDEP_TRUE=''
AMTAR='${SHELL} /home/gene/workspace/DosBox/jni/dosbox/missing --run tar'
AUTOCONF='${SHELL} /home/gene/workspace/DosBox/jni/dosbox/missing --run autoconf'
AUTOHEADER='${SHELL} /home/gene/workspace/DosBox/jni/dosbox/missing --run autoheader'
AUTOMAKE='${SHELL} /home/gene/workspace/DosBox/jni/dosbox/missing --run automake-1.11'
AWK='gawk'
CC='gcc'
CCDEPMODE='depmode=gcc3'
CFLAGS='-g -O2'
CPP='gcc -E'
CPPFLAGS=' -I/usr/include/SDL -D_GNU_SOURCE=1 -D_REENTRANT'
CXX='g++'
CXXDEPMODE='depmode=gcc3'
CXXFLAGS='-g -O2 '
CYGPATH_W='echo'
DEFS='-DHAVE_CONFIG_H'
DEPDIR='.deps'
ECHO_C=''
ECHO_N='-n'
ECHO_T=''
EGREP='/usr/bin/grep -E'
EXEEXT=''
GREP='/usr/bin/grep'
HAVE_WINDRES_FALSE=''
HAVE_WINDRES_TRUE='#'
INSTALL_DATA='${INSTALL} -m 644'
INSTALL_PROGRAM='${INSTALL}'
INSTALL_SCRIPT='${INSTALL}'
INSTALL_STRIP_PROGRAM='$(install_sh) -c -s'
LDFLAGS=''
LIBOBJS=''
LIBS='-lSDL_sound -lasound -lm -ldl -lpthread -L/usr/lib -lSDL -lpng -lz -lSDL_net -lX11 -lGL'
LTLIBOBJS=''
MAKEINFO='${SHELL} /home/gene/workspace/DosBox/jni/dosbox/missing --run makeinfo'
MKDIR_P='/bin/mkdir -p'
OBJEXT='o'
PACKAGE='dosbox'
PACKAGE_BUGREPORT=''
PACKAGE_NAME='dosbox'
PACKAGE_STRING='dosbox 0.74'
PACKAGE_TARNAME='dosbox'
PACKAGE_URL=''
PACKAGE_VERSION='0.74'
PATH_SEPARATOR=':'
RANLIB='ranlib'
SDL_CFLAGS='-I/usr/include/SDL -D_GNU_SOURCE=1 -D_REENTRANT'
SDL_CONFIG='/usr/bin/sdl-config'
SDL_LIBS='-L/usr/lib -lSDL -lpthread'
SET_MAKE=''
SHELL='/bin/sh'
STRIP=''
VERSION='0.74'
WINDRES=':'
ac_ct_CC='gcc'
ac_ct_CXX='g++'
am__EXEEXT_FALSE=''
am__EXEEXT_TRUE='#'
am__fastdepCC_FALSE='#'
am__fastdepCC_TRUE=''
am__fastdepCXX_FALSE='#'
am__fastdepCXX_TRUE=''
am__include='include'
am__isrc=''
am__leading_dot='.'
am__quote=''
am__tar='${AMTAR} chof - "$$tardir"'
am__untar='${AMTAR} xf -'
bindir='${exec_prefix}/bin'
build='x86_64-unknown-linux-gnu'
build_alias=''
build_cpu='x86_64'
build_os='linux-gnu'
build_vendor='unknown'
datadir='${datarootdir}'
datarootdir='${prefix}/share'
docdir='${datarootdir}/doc/${PACKAGE_TARNAME}'
dvidir='${docdir}'
exec_prefix='${prefix}'
host='x86_64-unknown-linux-gnu'
host_alias=''
host_cpu='x86_64'
host_os='linux-gnu'
host_vendor='unknown'
htmldir='${docdir}'
includedir='${prefix}/include'
infodir='${datarootdir}/info'
install_sh='${SHELL} /home/gene/workspace/DosBox/jni/dosbox/install-sh'
libdir='${exec_prefix}/lib'
libexecdir='${exec_prefix}/libexec'
localedir='${datarootdir}/locale'
localstatedir='${prefix}/var'
mandir='${datarootdir}/man'
mkdir_p='/bin/mkdir -p'
oldincludedir='/usr/include'
pdfdir='${docdir}'
prefix='/usr/local'
program_transform_name='s,x,x,'
psdir='${docdir}'
sbindir='${exec_prefix}/sbin'
sharedstatedir='${prefix}/com'
sysconfdir='${prefix}/etc'
target_alias=''

## ----------- ##
## confdefs.h. ##
## ----------- ##

/* confdefs.h */
#define PACKAGE_NAME "dosbox"
#define PACKAGE_TARNAME "dosbox"
#define PACKAGE_VERSION "0.74"
#define PACKAGE_STRING "dosbox 0.74"
#define PACKAGE_BUGREPORT ""
#define PACKAGE_URL ""
#define PACKAGE "dosbox"
#define VERSION "0.74"
#define STDC_HEADERS 1
#define HAVE_SYS_TYPES_H 1
#define HAVE_SYS_STAT_H 1
#define HAVE_STDLIB_H 1
#define HAVE_STRING_H 1
#define HAVE_MEMORY_H 1
#define HAVE_STRINGS_H 1
#define HAVE_INTTYPES_H 1
#define HAVE_STDINT_H 1
#define HAVE_UNISTD_H 1
#define SIZEOF_UNSIGNED_CHAR 1
#define SIZEOF_UNSIGNED_SHORT 2
#define SIZEOF_UNSIGNED_INT 4
#define SIZEOF_UNSIGNED_LONG 8
#define SIZEOF_UNSIGNED_LONG_LONG 8
#define SIZEOF_INT_P 8
#define HAVE_STDLIB_H 1
#define HAVE_SYS_TYPES_H 1
#define HAVE_SYS_SOCKET_H 1
#define HAVE_NETINET_IN_H 1
#define HAVE_PWD_H 1
#define ENVIRON_INCLUDED 1
#define ENVIRON_LINKED 1
#define DIRENT_HAS_D_TYPE 1
#define C_HAS_ATTRIBUTE 1
#define C_ATTRIBUTE_ALWAYS_INLINE 1
#define C_HAS_BUILTIN_EXPECT 1
#define HAVE_LIBASOUND 1
#define HAVE_ALSA 1
#define C_CORE_INLINE 1
#define C_TARGETCPU X86_64
#define C_DYNREC 1
#define C_FPU 1
#define C_UNALIGNED_MEMORY 1
#define C_SSHOT 1
#define C_MODEM 1
#define C_IPX 1
#define C_X11_XKB 1
#define C_OPENGL 1
#define C_SDL_SOUND 1
#define C_HAVE_MPROTECT 1
#define C_SET_PRIORITY 1
#define LINUX 1
#define C_DIRECTSERIAL 1

configure: exit 0
